2022-11-22 14:19:30.529  INFO 9628 --- [restartedMain] com.demo.DempProjectApplication          : Starting DempProjectApplication using Java 17.0.4.1 on YPH1016132LT with PID 9628 (C:\Users\priyatai.thakre\Desktop\CrudProject\DempProject\target\classes started by priyatai.thakre in C:\Users\priyatai.thakre\Desktop\CrudProject\DempProject)
2022-11-22 14:19:30.529  INFO 9628 --- [restartedMain] com.demo.DempProjectApplication          : No active profile set, falling back to 1 default profile: "default"
2022-11-22 14:19:30.729  INFO 9628 --- [restartedMain] o.s.b.w.embedded.tomcat.TomcatWebServer  : Tomcat initialized with port(s): 9096 (http)
2022-11-22 14:19:30.730  INFO 9628 --- [restartedMain] o.apache.catalina.core.StandardService   : Starting service [Tomcat]
2022-11-22 14:19:30.733  INFO 9628 --- [restartedMain] org.apache.catalina.core.StandardEngine  : Starting Servlet engine: [Apache Tomcat/9.0.68]
2022-11-22 14:19:30.757  INFO 9628 --- [restartedMain] o.a.c.c.C.[Tomcat].[localhost].[/]       : Initializing Spring embedded WebApplicationContext
2022-11-22 14:19:30.758  INFO 9628 --- [restartedMain] w.s.c.ServletWebServerApplicationContext : Root WebApplicationContext: initialization completed in 225 ms
2022-11-22 14:19:30.826  WARN 9628 --- [restartedMain] o.s.b.d.a.OptionalLiveReloadServer       : Unable to start LiveReload server
2022-11-22 14:19:30.836  INFO 9628 --- [restartedMain] o.s.b.w.embedded.tomcat.TomcatWebServer  : Tomcat started on port(s): 9096 (http) with context path ''
2022-11-22 14:19:30.843  INFO 9628 --- [restartedMain] com.demo.DempProjectApplication          : Started DempProjectApplication in 0.395 seconds (JVM running for 11263.8)
2022-11-22 14:19:30.846  INFO 9628 --- [restartedMain] .ConditionEvaluationDeltaLoggingListener : Condition evaluation unchanged
2022-11-22 14:20:18.061  INFO 9628 --- [File Watcher] rtingClassPathChangeChangedEventListener : Restarting due to 1 class path change (0 additions, 0 deletions, 1 modification)
2022-11-22 14:20:18.091  INFO 9628 --- [Thread-37] o.apache.catalina.core.StandardService   : Stopping service [Tomcat]
2022-11-22 14:20:18.152  INFO 9628 --- [restartedMain] com.demo.DempProjectApplication          : Starting DempProjectApplication using Java 17.0.4.1 on YPH1016132LT with PID 9628 (C:\Users\priyatai.thakre\Desktop\CrudProject\DempProject\target\classes started by priyatai.thakre in C:\Users\priyatai.thakre\Desktop\CrudProject\DempProject)
2022-11-22 14:20:18.152  INFO 9628 --- [restartedMain] com.demo.DempProjectApplication          : No active profile set, falling back to 1 default profile: "default"
2022-11-22 14:20:18.335  INFO 9628 --- [restartedMain] o.s.b.w.embedded.tomcat.TomcatWebServer  : Tomcat initialized with port(s): 9096 (http)
2022-11-22 14:20:18.335  INFO 9628 --- [restartedMain] o.apache.catalina.core.StandardService   : Starting service [Tomcat]
2022-11-22 14:20:18.336  INFO 9628 --- [restartedMain] org.apache.catalina.core.StandardEngine  : Starting Servlet engine: [Apache Tomcat/9.0.68]
2022-11-22 14:20:18.352  INFO 9628 --- [restartedMain] o.a.c.c.C.[Tomcat].[localhost].[/]       : Initializing Spring embedded WebApplicationContext
2022-11-22 14:20:18.352  INFO 9628 --- [restartedMain] w.s.c.ServletWebServerApplicationContext : Root WebApplicationContext: initialization completed in 199 ms
2022-11-22 14:20:18.395  WARN 9628 --- [restartedMain] o.s.b.d.a.OptionalLiveReloadServer       : Unable to start LiveReload server
2022-11-22 14:20:18.403  INFO 9628 --- [restartedMain] o.s.b.w.embedded.tomcat.TomcatWebServer  : Tomcat started on port(s): 9096 (http) with context path ''
2022-11-22 14:20:18.409  INFO 9628 --- [restartedMain] com.demo.DempProjectApplication          : Started DempProjectApplication in 0.281 seconds (JVM running for 11311.365)
2022-11-22 14:20:18.412  INFO 9628 --- [restartedMain] .ConditionEvaluationDeltaLoggingListener : Condition evaluation unchanged
2022-11-22 14:21:19.914  INFO 9628 --- [File Watcher] rtingClassPathChangeChangedEventListener : Restarting due to 1 class path change (0 additions, 0 deletions, 1 modification)
2022-11-22 14:21:19.924  INFO 9628 --- [Thread-41] o.apache.catalina.core.StandardService   : Stopping service [Tomcat]
2022-11-22 14:21:19.983  INFO 9628 --- [restartedMain] com.demo.DempProjectApplication          : Starting DempProjectApplication using Java 17.0.4.1 on YPH1016132LT with PID 9628 (C:\Users\priyatai.thakre\Desktop\CrudProject\DempProject\target\classes started by priyatai.thakre in C:\Users\priyatai.thakre\Desktop\CrudProject\DempProject)
2022-11-22 14:21:19.983  INFO 9628 --- [restartedMain] com.demo.DempProjectApplication          : No active profile set, falling back to 1 default profile: "default"
2022-11-22 14:21:20.131  INFO 9628 --- [restartedMain] o.s.b.w.embedded.tomcat.TomcatWebServer  : Tomcat initialized with port(s): 9096 (http)
2022-11-22 14:21:20.131  INFO 9628 --- [restartedMain] o.apache.catalina.core.StandardService   : Starting service [Tomcat]
2022-11-22 14:21:20.131  INFO 9628 --- [restartedMain] org.apache.catalina.core.StandardEngine  : Starting Servlet engine: [Apache Tomcat/9.0.68]
2022-11-22 14:21:20.149  INFO 9628 --- [restartedMain] o.a.c.c.C.[Tomcat].[localhost].[/]       : Initializing Spring embedded WebApplicationContext
2022-11-22 14:21:20.149  INFO 9628 --- [restartedMain] w.s.c.ServletWebServerApplicationContext : Root WebApplicationContext: initialization completed in 164 ms
2022-11-22 14:21:20.192  WARN 9628 --- [restartedMain] o.s.b.d.a.OptionalLiveReloadServer       : Unable to start LiveReload server
2022-11-22 14:21:20.200  INFO 9628 --- [restartedMain] o.s.b.w.embedded.tomcat.TomcatWebServer  : Tomcat started on port(s): 9096 (http) with context path ''
2022-11-22 14:21:20.206  INFO 9628 --- [restartedMain] com.demo.DempProjectApplication          : Started DempProjectApplication in 0.246 seconds (JVM running for 11373.162)
2022-11-22 14:21:20.208  INFO 9628 --- [restartedMain] .ConditionEvaluationDeltaLoggingListener : Condition evaluation unchanged
2022-11-22 14:23:01.334  INFO 9628 --- [File Watcher] rtingClassPathChangeChangedEventListener : Restarting due to 1 class path change (0 additions, 0 deletions, 1 modification)
2022-11-22 14:23:01.345  INFO 9628 --- [Thread-45] o.apache.catalina.core.StandardService   : Stopping service [Tomcat]
2022-11-22 14:23:01.416  INFO 9628 --- [restartedMain] com.demo.DempProjectApplication          : Starting DempProjectApplication using Java 17.0.4.1 on YPH1016132LT with PID 9628 (C:\Users\priyatai.thakre\Desktop\CrudProject\DempProject\target\classes started by priyatai.thakre in C:\Users\priyatai.thakre\Desktop\CrudProject\DempProject)
2022-11-22 14:23:01.416  INFO 9628 --- [restartedMain] com.demo.DempProjectApplication          : No active profile set, falling back to 1 default profile: "default"
2022-11-22 14:23:01.593  INFO 9628 --- [restartedMain] o.s.b.w.embedded.tomcat.TomcatWebServer  : Tomcat initialized with port(s): 9096 (http)
2022-11-22 14:23:01.594  INFO 9628 --- [restartedMain] o.apache.catalina.core.StandardService   : Starting service [Tomcat]
2022-11-22 14:23:01.594  INFO 9628 --- [restartedMain] org.apache.catalina.core.StandardEngine  : Starting Servlet engine: [Apache Tomcat/9.0.68]
2022-11-22 14:23:01.610  INFO 9628 --- [restartedMain] o.a.c.c.C.[Tomcat].[localhost].[/]       : Initializing Spring embedded WebApplicationContext
2022-11-22 14:23:01.610  INFO 9628 --- [restartedMain] w.s.c.ServletWebServerApplicationContext : Root WebApplicationContext: initialization completed in 192 ms
2022-11-22 14:23:01.655  WARN 9628 --- [restartedMain] o.s.b.d.a.OptionalLiveReloadServer       : Unable to start LiveReload server
2022-11-22 14:23:01.664  INFO 9628 --- [restartedMain] o.s.b.w.embedded.tomcat.TomcatWebServer  : Tomcat started on port(s): 9096 (http) with context path ''
2022-11-22 14:23:01.668  INFO 9628 --- [restartedMain] com.demo.DempProjectApplication          : Started DempProjectApplication in 0.282 seconds (JVM running for 11474.625)
2022-11-22 14:23:01.670  INFO 9628 --- [restartedMain] .ConditionEvaluationDeltaLoggingListener : Condition evaluation unchanged
2022-11-22 14:24:34.666  INFO 9628 --- [File Watcher] rtingClassPathChangeChangedEventListener : Restarting due to 1 class path change (0 additions, 0 deletions, 1 modification)
2022-11-22 14:24:34.678  INFO 9628 --- [Thread-49] o.apache.catalina.core.StandardService   : Stopping service [Tomcat]
2022-11-22 14:24:34.740  INFO 9628 --- [restartedMain] com.demo.DempProjectApplication          : Starting DempProjectApplication using Java 17.0.4.1 on YPH1016132LT with PID 9628 (C:\Users\priyatai.thakre\Desktop\CrudProject\DempProject\target\classes started by priyatai.thakre in C:\Users\priyatai.thakre\Desktop\CrudProject\DempProject)
2022-11-22 14:24:34.740 DEBUG 9628 --- [restartedMain] com.demo.DempProjectApplication          : Running with Spring Boot v2.7.5, Spring v5.3.23
2022-11-22 14:24:34.740  INFO 9628 --- [restartedMain] com.demo.DempProjectApplication          : No active profile set, falling back to 1 default profile: "default"
2022-11-22 14:24:34.886  INFO 9628 --- [restartedMain] o.s.b.w.embedded.tomcat.TomcatWebServer  : Tomcat initialized with port(s): 9096 (http)
2022-11-22 14:24:34.887  INFO 9628 --- [restartedMain] o.apache.catalina.core.StandardService   : Starting service [Tomcat]
2022-11-22 14:24:34.887  INFO 9628 --- [restartedMain] org.apache.catalina.core.StandardEngine  : Starting Servlet engine: [Apache Tomcat/9.0.68]
2022-11-22 14:24:34.906  INFO 9628 --- [restartedMain] o.a.c.c.C.[Tomcat].[localhost].[/]       : Initializing Spring embedded WebApplicationContext
2022-11-22 14:24:34.906  INFO 9628 --- [restartedMain] w.s.c.ServletWebServerApplicationContext : Root WebApplicationContext: initialization completed in 164 ms
2022-11-22 14:24:34.954  WARN 9628 --- [restartedMain] o.s.b.d.a.OptionalLiveReloadServer       : Unable to start LiveReload server
2022-11-22 14:24:34.962  INFO 9628 --- [restartedMain] o.s.b.w.embedded.tomcat.TomcatWebServer  : Tomcat started on port(s): 9096 (http) with context path ''
2022-11-22 14:24:34.967  INFO 9628 --- [restartedMain] com.demo.DempProjectApplication          : Started DempProjectApplication in 0.253 seconds (JVM running for 11567.924)
2022-11-22 14:24:34.968  INFO 9628 --- [restartedMain] .ConditionEvaluationDeltaLoggingListener : Condition evaluation unchanged
2022-11-22 14:24:50.599  INFO 9628 --- [File Watcher] rtingClassPathChangeChangedEventListener : Restarting due to 1 class path change (0 additions, 0 deletions, 1 modification)
2022-11-22 14:24:50.609  INFO 9628 --- [Thread-53] o.apache.catalina.core.StandardService   : Stopping service [Tomcat]
2022-11-22 14:24:50.814  INFO 9628 --- [restartedMain] o.s.b.w.embedded.tomcat.TomcatWebServer  : Tomcat initialized with port(s): 9096 (http)
2022-11-22 14:24:50.815  INFO 9628 --- [restartedMain] o.apache.catalina.core.StandardService   : Starting service [Tomcat]
2022-11-22 14:24:50.815  INFO 9628 --- [restartedMain] org.apache.catalina.core.StandardEngine  : Starting Servlet engine: [Apache Tomcat/9.0.68]
2022-11-22 14:24:50.835  INFO 9628 --- [restartedMain] o.a.c.c.C.[Tomcat].[localhost].[/]       : Initializing Spring embedded WebApplicationContext
2022-11-22 14:24:50.835  INFO 9628 --- [restartedMain] w.s.c.ServletWebServerApplicationContext : Root WebApplicationContext: initialization completed in 164 ms
2022-11-22 14:24:50.873  WARN 9628 --- [restartedMain] o.s.b.d.a.OptionalLiveReloadServer       : Unable to start LiveReload server
2022-11-22 14:24:50.883  INFO 9628 --- [restartedMain] o.s.b.w.embedded.tomcat.TomcatWebServer  : Tomcat started on port(s): 9096 (http) with context path ''
2022-11-22 14:24:50.888  INFO 9628 --- [restartedMain] .ConditionEvaluationDeltaLoggingListener : Condition evaluation unchanged
2022-11-22 14:24:53.123  INFO 9628 --- [RMI TCP Connection(196)-127.0.0.1] inMXBeanRegistrar$SpringApplicationAdmin : Application shutdown requested.
2022-11-22 14:24:53.133  INFO 9628 --- [RMI TCP Connection(196)-127.0.0.1] o.apache.catalina.core.StandardService   : Stopping service [Tomcat]
2022-11-22 14:25:11.252  INFO 20424 --- [restartedMain] .e.DevToolsPropertyDefaultsPostProcessor : Devtools property defaults active! Set 'spring.devtools.add-properties' to 'false' to disable
2022-11-22 14:25:11.253  INFO 20424 --- [restartedMain] .e.DevToolsPropertyDefaultsPostProcessor : For additional web related logging consider setting the 'logging.level.web' property to 'DEBUG'
2022-11-22 14:25:12.171  INFO 20424 --- [restartedMain] o.s.b.w.embedded.tomcat.TomcatWebServer  : Tomcat initialized with port(s): 9096 (http)
2022-11-22 14:25:12.184  INFO 20424 --- [restartedMain] o.apache.catalina.core.StandardService   : Starting service [Tomcat]
2022-11-22 14:25:12.185  INFO 20424 --- [restartedMain] org.apache.catalina.core.StandardEngine  : Starting Servlet engine: [Apache Tomcat/9.0.68]
2022-11-22 14:25:12.286  INFO 20424 --- [restartedMain] o.a.c.c.C.[Tomcat].[localhost].[/]       : Initializing Spring embedded WebApplicationContext
2022-11-22 14:25:12.286  INFO 20424 --- [restartedMain] w.s.c.ServletWebServerApplicationContext : Root WebApplicationContext: initialization completed in 1032 ms
2022-11-22 14:25:12.614  INFO 20424 --- [restartedMain] o.s.b.d.a.OptionalLiveReloadServer       : LiveReload server is running on port 35729
2022-11-22 14:25:12.664  INFO 20424 --- [restartedMain] o.s.b.w.embedded.tomcat.TomcatWebServer  : Tomcat started on port(s): 9096 (http) with context path ''
2022-11-22 14:27:18.562  INFO 20424 --- [RMI TCP Connection(7)-127.0.0.1] inMXBeanRegistrar$SpringApplicationAdmin : Application shutdown requested.
2022-11-22 14:27:18.580  INFO 20424 --- [RMI TCP Connection(7)-127.0.0.1] o.apache.catalina.core.StandardService   : Stopping service [Tomcat]
2022-11-22 14:30:03.354  INFO 20704 --- [restartedMain] .e.DevToolsPropertyDefaultsPostProcessor : Devtools property defaults active! Set 'spring.devtools.add-properties' to 'false' to disable
2022-11-22 14:30:03.355  INFO 20704 --- [restartedMain] .e.DevToolsPropertyDefaultsPostProcessor : For additional web related logging consider setting the 'logging.level.web' property to 'DEBUG'
2022-11-22 14:30:04.281  INFO 20704 --- [restartedMain] o.s.b.w.embedded.tomcat.TomcatWebServer  : Tomcat initialized with port(s): 9096 (http)
2022-11-22 14:30:04.292  INFO 20704 --- [restartedMain] o.apache.catalina.core.StandardService   : Starting service [Tomcat]
2022-11-22 14:30:04.292  INFO 20704 --- [restartedMain] org.apache.catalina.core.StandardEngine  : Starting Servlet engine: [Apache Tomcat/9.0.68]
2022-11-22 14:30:04.379  INFO 20704 --- [restartedMain] o.a.c.c.C.[Tomcat].[localhost].[/]       : Initializing Spring embedded WebApplicationContext
2022-11-22 14:30:04.379  INFO 20704 --- [restartedMain] w.s.c.ServletWebServerApplicationContext : Root WebApplicationContext: initialization completed in 1023 ms
2022-11-22 14:30:04.707  INFO 20704 --- [restartedMain] o.s.b.d.a.OptionalLiveReloadServer       : LiveReload server is running on port 35729
2022-11-22 14:30:04.754  INFO 20704 --- [restartedMain] o.s.b.w.embedded.tomcat.TomcatWebServer  : Tomcat started on port(s): 9096 (http) with context path ''
2022-11-22 14:30:29.055  INFO 20704 --- [http-nio-9096-exec-1] o.a.c.c.C.[Tomcat].[localhost].[/]       : Initializing Spring DispatcherServlet 'dispatcherServlet'
2022-11-22 14:30:29.055  INFO 20704 --- [http-nio-9096-exec-1] o.s.web.servlet.DispatcherServlet        : Initializing Servlet 'dispatcherServlet'
2022-11-22 14:30:29.057  INFO 20704 --- [http-nio-9096-exec-1] o.s.web.servlet.DispatcherServlet        : Completed initialization in 2 ms
2022-11-22 14:31:01.398  INFO 20704 --- [File Watcher] rtingClassPathChangeChangedEventListener : Restarting due to 1 class path change (0 additions, 0 deletions, 1 modification)
2022-11-22 14:31:01.421  INFO 20704 --- [Thread-5] o.apache.catalina.core.StandardService   : Stopping service [Tomcat]
2022-11-22 14:31:01.424  INFO 20704 --- [Thread-5] o.a.c.c.C.[Tomcat].[localhost].[/]       : Destroying Spring FrameworkServlet 'dispatcherServlet'
2022-11-22 14:31:01.807  INFO 20704 --- [restartedMain] o.s.b.w.embedded.tomcat.TomcatWebServer  : Tomcat initialized with port(s): 9096 (http)
2022-11-22 14:31:01.809  INFO 20704 --- [restartedMain] o.apache.catalina.core.StandardService   : Starting service [Tomcat]
2022-11-22 14:31:01.809  INFO 20704 --- [restartedMain] org.apache.catalina.core.StandardEngine  : Starting Servlet engine: [Apache Tomcat/9.0.68]
2022-11-22 14:31:01.838  INFO 20704 --- [restartedMain] o.a.c.c.C.[Tomcat].[localhost].[/]       : Initializing Spring embedded WebApplicationContext
2022-11-22 14:31:01.839  INFO 20704 --- [restartedMain] w.s.c.ServletWebServerApplicationContext : Root WebApplicationContext: initialization completed in 319 ms
2022-11-22 14:31:01.953  INFO 20704 --- [restartedMain] o.s.b.d.a.OptionalLiveReloadServer       : LiveReload server is running on port 35729
2022-11-22 14:31:01.967  INFO 20704 --- [restartedMain] o.s.b.w.embedded.tomcat.TomcatWebServer  : Tomcat started on port(s): 9096 (http) with context path ''
2022-11-22 14:31:01.977  INFO 20704 --- [restartedMain] .ConditionEvaluationDeltaLoggingListener : Condition evaluation unchanged
2022-11-22 14:31:05.465  INFO 20704 --- [http-nio-9096-exec-1] o.a.c.c.C.[Tomcat].[localhost].[/]       : Initializing Spring DispatcherServlet 'dispatcherServlet'
2022-11-22 14:31:05.466  INFO 20704 --- [http-nio-9096-exec-1] o.s.web.servlet.DispatcherServlet        : Initializing Servlet 'dispatcherServlet'
2022-11-22 14:31:05.467  INFO 20704 --- [http-nio-9096-exec-1] o.s.web.servlet.DispatcherServlet        : Completed initialization in 1 ms
2022-11-22 14:31:05.468 ERROR 20704 --- [http-nio-9096-exec-1] com.demo.controller.TestController       : HEYYYY PRIYAAAAAAAAAAAAAAAAAAAAAAAAAA
2022-11-22 14:31:06.583 ERROR 20704 --- [http-nio-9096-exec-2] com.demo.controller.TestController       : HEYYYY PRIYAAAAAAAAAAAAAAAAAAAAAAAAAA
2022-11-22 14:31:07.331 ERROR 20704 --- [http-nio-9096-exec-3] com.demo.controller.TestController       : HEYYYY PRIYAAAAAAAAAAAAAAAAAAAAAAAAAA
2022-11-22 14:31:49.147  INFO 20704 --- [File Watcher] rtingClassPathChangeChangedEventListener : Restarting due to 1 class path change (0 additions, 0 deletions, 1 modification)
2022-11-22 14:31:49.158  INFO 20704 --- [Thread-7] o.apache.catalina.core.StandardService   : Stopping service [Tomcat]
2022-11-22 14:31:49.159  INFO 20704 --- [Thread-7] o.a.c.c.C.[Tomcat].[localhost].[/]       : Destroying Spring FrameworkServlet 'dispatcherServlet'
2022-11-22 14:31:49.414  INFO 20704 --- [restartedMain] o.s.b.w.embedded.tomcat.TomcatWebServer  : Tomcat initialized with port(s): 9096 (http)
2022-11-22 14:31:49.415  INFO 20704 --- [restartedMain] o.apache.catalina.core.StandardService   : Starting service [Tomcat]
2022-11-22 14:31:49.416  INFO 20704 --- [restartedMain] org.apache.catalina.core.StandardEngine  : Starting Servlet engine: [Apache Tomcat/9.0.68]
2022-11-22 14:31:49.436  INFO 20704 --- [restartedMain] o.a.c.c.C.[Tomcat].[localhost].[/]       : Initializing Spring embedded WebApplicationContext
2022-11-22 14:31:49.436  INFO 20704 --- [restartedMain] w.s.c.ServletWebServerApplicationContext : Root WebApplicationContext: initialization completed in 193 ms
2022-11-22 14:31:49.492  INFO 20704 --- [restartedMain] o.s.b.d.a.OptionalLiveReloadServer       : LiveReload server is running on port 35729
2022-11-22 14:31:49.502  INFO 20704 --- [restartedMain] o.s.b.w.embedded.tomcat.TomcatWebServer  : Tomcat started on port(s): 9096 (http) with context path ''
2022-11-22 14:31:49.508  INFO 20704 --- [restartedMain] .ConditionEvaluationDeltaLoggingListener : Condition evaluation unchanged
2022-11-22 14:31:53.336  INFO 20704 --- [http-nio-9096-exec-1] o.a.c.c.C.[Tomcat].[localhost].[/]       : Initializing Spring DispatcherServlet 'dispatcherServlet'
2022-11-22 14:31:53.337  INFO 20704 --- [http-nio-9096-exec-1] o.s.web.servlet.DispatcherServlet        : Initializing Servlet 'dispatcherServlet'
2022-11-22 14:31:53.337  INFO 20704 --- [http-nio-9096-exec-1] o.s.web.servlet.DispatcherServlet        : Completed initialization in 0 ms
2022-11-22 14:32:21.435  INFO 20704 --- [File Watcher] rtingClassPathChangeChangedEventListener : Restarting due to 1 class path change (0 additions, 0 deletions, 1 modification)
2022-11-22 14:32:21.446  INFO 20704 --- [Thread-11] o.apache.catalina.core.StandardService   : Stopping service [Tomcat]
2022-11-22 14:32:21.446  INFO 20704 --- [Thread-11] o.a.c.c.C.[Tomcat].[localhost].[/]       : Destroying Spring FrameworkServlet 'dispatcherServlet'
2022-11-22 14:32:21.511  INFO 20704 --- [restartedMain] com.demo.DempProjectApplication          : Starting DempProjectApplication using Java 17.0.4.1 on YPH1016132LT with PID 20704 (C:\Users\priyatai.thakre\Desktop\CrudProject\DempProject\target\classes started by priyatai.thakre in C:\Users\priyatai.thakre\Desktop\CrudProject\DempProject)
2022-11-22 14:32:21.511 DEBUG 20704 --- [restartedMain] com.demo.DempProjectApplication          : Running with Spring Boot v2.7.5, Spring v5.3.23
2022-11-22 14:32:21.512  INFO 20704 --- [restartedMain] com.demo.DempProjectApplication          : No active profile set, falling back to 1 default profile: "default"
2022-11-22 14:32:21.674  INFO 20704 --- [restartedMain] o.s.b.w.embedded.tomcat.TomcatWebServer  : Tomcat initialized with port(s): 9096 (http)
2022-11-22 14:32:21.675  INFO 20704 --- [restartedMain] o.apache.catalina.core.StandardService   : Starting service [Tomcat]
2022-11-22 14:32:21.675  INFO 20704 --- [restartedMain] org.apache.catalina.core.StandardEngine  : Starting Servlet engine: [Apache Tomcat/9.0.68]
2022-11-22 14:32:21.693  INFO 20704 --- [restartedMain] o.a.c.c.C.[Tomcat].[localhost].[/]       : Initializing Spring embedded WebApplicationContext
2022-11-22 14:32:21.693  INFO 20704 --- [restartedMain] w.s.c.ServletWebServerApplicationContext : Root WebApplicationContext: initialization completed in 179 ms
2022-11-22 14:32:21.750  INFO 20704 --- [restartedMain] o.s.b.d.a.OptionalLiveReloadServer       : LiveReload server is running on port 35729
2022-11-22 14:32:21.760  INFO 20704 --- [restartedMain] o.s.b.w.embedded.tomcat.TomcatWebServer  : Tomcat started on port(s): 9096 (http) with context path ''
2022-11-22 14:32:21.767  INFO 20704 --- [restartedMain] com.demo.DempProjectApplication          : Started DempProjectApplication in 0.285 seconds (JVM running for 139.822)
2022-11-22 14:32:21.769  INFO 20704 --- [restartedMain] .ConditionEvaluationDeltaLoggingListener : Condition evaluation unchanged
2022-11-22 14:32:23.060  INFO 20704 --- [RMI TCP Connection(16)-127.0.0.1] inMXBeanRegistrar$SpringApplicationAdmin : Application shutdown requested.
2022-11-22 14:32:23.070  INFO 20704 --- [RMI TCP Connection(16)-127.0.0.1] o.apache.catalina.core.StandardService   : Stopping service [Tomcat]
2022-11-22 14:32:52.920  INFO 13156 --- [restartedMain] com.demo.DempProjectApplication          : Starting DempProjectApplication using Java 17.0.4.1 on YPH1016132LT with PID 13156 (C:\Users\priyatai.thakre\Desktop\CrudProject\DempProject\target\classes started by priyatai.thakre in C:\Users\priyatai.thakre\Desktop\CrudProject\DempProject)
2022-11-22 14:32:52.921 DEBUG 13156 --- [restartedMain] com.demo.DempProjectApplication          : Running with Spring Boot v2.7.5, Spring v5.3.23
2022-11-22 14:32:52.922  INFO 13156 --- [restartedMain] com.demo.DempProjectApplication          : No active profile set, falling back to 1 default profile: "default"
2022-11-22 14:32:52.979  INFO 13156 --- [restartedMain] .e.DevToolsPropertyDefaultsPostProcessor : Devtools property defaults active! Set 'spring.devtools.add-properties' to 'false' to disable
2022-11-22 14:32:52.979  INFO 13156 --- [restartedMain] .e.DevToolsPropertyDefaultsPostProcessor : For additional web related logging consider setting the 'logging.level.web' property to 'DEBUG'
2022-11-22 14:32:53.905  INFO 13156 --- [restartedMain] o.s.b.w.embedded.tomcat.TomcatWebServer  : Tomcat initialized with port(s): 9096 (http)
2022-11-22 14:32:53.918  INFO 13156 --- [restartedMain] o.apache.catalina.core.StandardService   : Starting service [Tomcat]
2022-11-22 14:32:53.918  INFO 13156 --- [restartedMain] org.apache.catalina.core.StandardEngine  : Starting Servlet engine: [Apache Tomcat/9.0.68]
2022-11-22 14:32:54.015  INFO 13156 --- [restartedMain] o.a.c.c.C.[Tomcat].[localhost].[/]       : Initializing Spring embedded WebApplicationContext
2022-11-22 14:32:54.015  INFO 13156 --- [restartedMain] w.s.c.ServletWebServerApplicationContext : Root WebApplicationContext: initialization completed in 1035 ms
2022-11-22 14:32:54.334  INFO 13156 --- [restartedMain] o.s.b.d.a.OptionalLiveReloadServer       : LiveReload server is running on port 35729
2022-11-22 14:32:54.383  INFO 13156 --- [restartedMain] o.s.b.w.embedded.tomcat.TomcatWebServer  : Tomcat started on port(s): 9096 (http) with context path ''
2022-11-22 14:32:54.393  INFO 13156 --- [restartedMain] com.demo.DempProjectApplication          : Started DempProjectApplication in 1.873 seconds (JVM running for 2.702)
2022-11-22 14:33:15.384  INFO 13156 --- [http-nio-9096-exec-1] o.a.c.c.C.[Tomcat].[localhost].[/]       : Initializing Spring DispatcherServlet 'dispatcherServlet'
2022-11-22 14:33:15.385  INFO 13156 --- [http-nio-9096-exec-1] o.s.web.servlet.DispatcherServlet        : Initializing Servlet 'dispatcherServlet'
2022-11-22 14:33:15.386  INFO 13156 --- [http-nio-9096-exec-1] o.s.web.servlet.DispatcherServlet        : Completed initialization in 1 ms
2022-11-22 14:33:15.425 TRACE 13156 --- [http-nio-9096-exec-1] com.demo.controller.TestController       : HEYYYY PRIYAAAAAAAAAAAAAAAAAAAAAAAAAA
2022-11-22 14:33:18.717 TRACE 13156 --- [http-nio-9096-exec-2] com.demo.controller.TestController       : HEYYYY PRIYAAAAAAAAAAAAAAAAAAAAAAAAAA
2022-11-22 14:33:19.177 TRACE 13156 --- [http-nio-9096-exec-3] com.demo.controller.TestController       : HEYYYY PRIYAAAAAAAAAAAAAAAAAAAAAAAAAA
2022-11-22 14:33:19.604 TRACE 13156 --- [http-nio-9096-exec-4] com.demo.controller.TestController       : HEYYYY PRIYAAAAAAAAAAAAAAAAAAAAAAAAAA
2022-11-22 14:39:35.626  INFO 2360 --- [restartedMain] com.demo.DempProjectApplication          : Starting DempProjectApplication using Java 17.0.4.1 on YPH1016132LT with PID 2360 (C:\Users\priyatai.thakre\Desktop\CrudProject\DempProject\target\classes started by priyatai.thakre in C:\Users\priyatai.thakre\Desktop\CrudProject\DempProject)
2022-11-22 14:39:35.628 DEBUG 2360 --- [restartedMain] com.demo.DempProjectApplication          : Running with Spring Boot v2.7.5, Spring v5.3.23
2022-11-22 14:39:35.628  INFO 2360 --- [restartedMain] com.demo.DempProjectApplication          : No active profile set, falling back to 1 default profile: "default"
2022-11-22 14:39:35.684  INFO 2360 --- [restartedMain] .e.DevToolsPropertyDefaultsPostProcessor : Devtools property defaults active! Set 'spring.devtools.add-properties' to 'false' to disable
2022-11-22 14:39:35.684  INFO 2360 --- [restartedMain] .e.DevToolsPropertyDefaultsPostProcessor : For additional web related logging consider setting the 'logging.level.web' property to 'DEBUG'
2022-11-22 14:39:36.620  INFO 2360 --- [restartedMain] o.s.b.w.embedded.tomcat.TomcatWebServer  : Tomcat initialized with port(s): 9096 (http)
2022-11-22 14:39:36.635  INFO 2360 --- [restartedMain] o.apache.catalina.core.StandardService   : Starting service [Tomcat]
2022-11-22 14:39:36.635  INFO 2360 --- [restartedMain] org.apache.catalina.core.StandardEngine  : Starting Servlet engine: [Apache Tomcat/9.0.68]
2022-11-22 14:39:36.751  INFO 2360 --- [restartedMain] o.a.c.c.C.[Tomcat].[localhost].[/]       : Initializing Spring embedded WebApplicationContext
2022-11-22 14:39:36.752  INFO 2360 --- [restartedMain] w.s.c.ServletWebServerApplicationContext : Root WebApplicationContext: initialization completed in 1067 ms
2022-11-22 14:39:37.072  WARN 2360 --- [restartedMain] o.s.b.d.a.OptionalLiveReloadServer       : Unable to start LiveReload server
2022-11-22 14:39:37.102  WARN 2360 --- [restartedMain] ConfigServletWebServerApplicationContext : Exception encountered during context initialization - cancelling refresh attempt: org.springframework.context.ApplicationContextException: Failed to start bean 'webServerStartStop'; nested exception is org.springframework.boot.web.server.PortInUseException: Port 9096 is already in use
2022-11-22 14:39:37.106  INFO 2360 --- [restartedMain] o.apache.catalina.core.StandardService   : Stopping service [Tomcat]
2022-11-22 14:39:37.120  INFO 2360 --- [restartedMain] ConditionEvaluationReportLoggingListener : 

Error starting ApplicationContext. To display the conditions report re-run your application with 'debug' enabled.
2022-11-22 14:39:37.147 ERROR 2360 --- [restartedMain] o.s.b.d.LoggingFailureAnalysisReporter   : 

***************************
APPLICATION FAILED TO START
***************************

Description:

Web server failed to start. Port 9096 was already in use.

Action:

Identify and stop the process that's listening on port 9096 or configure this application to listen on another port.

2022-11-22 14:39:43.501  INFO 13156 --- [RMI TCP Connection(12)-127.0.0.1] inMXBeanRegistrar$SpringApplicationAdmin : Application shutdown requested.
2022-11-22 14:39:43.527  INFO 13156 --- [RMI TCP Connection(12)-127.0.0.1] o.apache.catalina.core.StandardService   : Stopping service [Tomcat]
2022-11-22 14:39:43.528  INFO 13156 --- [RMI TCP Connection(12)-127.0.0.1] o.a.c.c.C.[Tomcat].[localhost].[/]       : Destroying Spring FrameworkServlet 'dispatcherServlet'
2022-11-22 14:39:55.587  INFO 14792 --- [restartedMain] com.demo.DempProjectApplication          : Starting DempProjectApplication using Java 17.0.4.1 on YPH1016132LT with PID 14792 (C:\Users\priyatai.thakre\Desktop\CrudProject\DempProject\target\classes started by priyatai.thakre in C:\Users\priyatai.thakre\Desktop\CrudProject\DempProject)
2022-11-22 14:39:55.588 DEBUG 14792 --- [restartedMain] com.demo.DempProjectApplication          : Running with Spring Boot v2.7.5, Spring v5.3.23
2022-11-22 14:39:55.589  INFO 14792 --- [restartedMain] com.demo.DempProjectApplication          : No active profile set, falling back to 1 default profile: "default"
2022-11-22 14:39:55.652  INFO 14792 --- [restartedMain] .e.DevToolsPropertyDefaultsPostProcessor : Devtools property defaults active! Set 'spring.devtools.add-properties' to 'false' to disable
2022-11-22 14:39:55.652  INFO 14792 --- [restartedMain] .e.DevToolsPropertyDefaultsPostProcessor : For additional web related logging consider setting the 'logging.level.web' property to 'DEBUG'
2022-11-22 14:39:56.639  INFO 14792 --- [restartedMain] o.s.b.w.embedded.tomcat.TomcatWebServer  : Tomcat initialized with port(s): 9096 (http)
2022-11-22 14:39:56.652  INFO 14792 --- [restartedMain] o.apache.catalina.core.StandardService   : Starting service [Tomcat]
2022-11-22 14:39:56.652  INFO 14792 --- [restartedMain] org.apache.catalina.core.StandardEngine  : Starting Servlet engine: [Apache Tomcat/9.0.68]
2022-11-22 14:39:56.763  INFO 14792 --- [restartedMain] o.a.c.c.C.[Tomcat].[localhost].[/]       : Initializing Spring embedded WebApplicationContext
2022-11-22 14:39:56.763  INFO 14792 --- [restartedMain] w.s.c.ServletWebServerApplicationContext : Root WebApplicationContext: initialization completed in 1110 ms
2022-11-22 14:39:57.188  INFO 14792 --- [restartedMain] o.s.b.d.a.OptionalLiveReloadServer       : LiveReload server is running on port 35729
2022-11-22 14:39:57.246  INFO 14792 --- [restartedMain] o.s.b.w.embedded.tomcat.TomcatWebServer  : Tomcat started on port(s): 9096 (http) with context path ''
2022-11-22 14:39:57.259  INFO 14792 --- [restartedMain] com.demo.DempProjectApplication          : Started DempProjectApplication in 2.135 seconds (JVM running for 3.09)
2022-11-22 14:58:22.520  INFO 14792 --- [RMI TCP Connection(24)-127.0.0.1] inMXBeanRegistrar$SpringApplicationAdmin : Application shutdown requested.
2022-11-22 14:58:22.800  INFO 14792 --- [RMI TCP Connection(24)-127.0.0.1] o.apache.catalina.core.StandardService   : Stopping service [Tomcat]
